mktextfm Batang
mktextfm Batang
mktextfm Batang
mktextfm Batang/B
mktextfm Batang
mktextfm Batang/I
mktextfm Batang
mktextfm Batang/BI
mktextfm Batang
mktextfm Batang
mktextfm Batang
mktextfm Batang
mktextfm Batang
mktextfm Batang
mktextfm Batang
mktextfm Batang
mktextfm Batang
mktextfm Batang
mktextfm Batang
mktextfm Batang
mktextfm Batang
mktextfm Batang
mktextfm Batang
mktextfm Batang
mktextfm Batang
mktextfm Batang/B
mktextfm Batang
mktextfm Batang/I
mktextfm Batang
mktextfm Batang/BI
mktextfm Batang
mktextfm Batang
mktextfm Batang
mktextfm Batang
mktextfm Batang
mktextfm Batang
mktextfm Batang
mktextfm Batang
mktextfm Batang
mktextfm Batang
mktextfm Batang
mktextfm Batang
mktextfm Batang
mktextfm Batang
mktextfm Batang
mktextfm Batang
mktextfm Batang
mktextfm Batang/B
mktextfm Batang
mktextfm Batang/I
mktextfm Batang
mktextfm Batang/BI
mktextfm Batang
mktextfm Batang
mktextfm Batang
mktextfm Batang
mktextfm Batang
mktextfm Batang
mktextfm Batang
mktextfm Batang
mktextfm Batang
mktextfm Batang
mktextfm Batang
mktextfm Batang
mktextfm Batang
mktextfm Batang
mktextfm Batang
mktextfm Batang
mktextfm Batang
mktextfm Batang/B
mktextfm Batang
mktextfm Batang/I
mktextfm Batang
mktextfm Batang/BI
mktextfm Batang
mktextfm Batang
mktextfm Batang
mktextfm Batang
mktextfm Batang
mktextfm Batang
mktextfm Batang
mktextfm Batang
mktextfm Batang
mktextfm Batang
mktextfm Batang
mktextfm Batang
mktextfm Batang
mktextfm Batang
mktextfm Batang
mktextfm Batang
mktextfm Batang
mktextfm Batang/B
mktextfm Batang
mktextfm Batang/I
mktextfm Batang
mktextfm Batang/BI
mktextfm Batang
mktextfm Batang
mktextfm Batang
mktextfm Batang
mktextfm Batang
mktextfm Batang
mktextfm Batang
mktextfm Batang
mktextfm Batang
mktextfm Batang
mktextfm Batang
mktextfm Batang
mktextfm Batang
mktextfm Batang
mktextfm Batang
mktextfm Batang
mktextfm Batang
mktextfm Batang/B
mktextfm Batang
mktextfm Batang/I
mktextfm Batang
mktextfm Batang/BI
mktextfm Batang
mktextfm Batang
mktextfm Batang
mktextfm Batang
mktextfm Batang
mktextfm Batang
mktextfm Batang
mktextfm Batang
mktextfm Batang
mktextfm Batang
mktextfm Batang
mktextfm Batang
mktextfm Batang
mktextfm Batang
mktextfm Batang
mktextfm Batang
mktextfm Batang
mktextfm Batang/B
mktextfm Batang
mktextfm Batang/I
mktextfm Batang
mktextfm Batang/BI
mktextfm Batang
mktextfm Batang
mktextfm Batang
mktextfm Batang
mktextfm Batang
mktextfm Batang
mktextfm Batang
mktextfm Batang
mktextfm Batang
mktextfm Batang
mktextfm Batang
mktextfm Batang
mktextfm Batang
mktextfm Batang
mktextfm Batang
mktextfm Batang
mktextfm Batang
mktextfm Batang/B
mktextfm Batang
mktextfm Batang/I
mktextfm Batang
mktextfm Batang/BI
mktextfm Batang
mktextfm Batang
mktextfm Batang
mktextfm Batang
mktextfm Batang
mktextfm Batang
mktextfm Batang
mktextfm Batang
mktextfm Batang
mktextfm Batang
mktextfm Batang
mktextfm Batang
mktextfm Batang
mktextfm Batang
mktextfm Batang
mktextfm Batang
mktextfm Batang
mktextfm Batang/B
mktextfm Batang
mktextfm Batang/I
mktextfm Batang
mktextfm Batang/BI
mktextfm Batang
mktextfm Batang
mktextfm Batang
mktextfm Batang
mktextfm Batang
mktextfm Batang
mktextfm Batang
mktextfm Batang
mktextfm Batang
mktextfm Batang
mktextfm Batang
mktextfm Batang
mktextfm Batang
mktextfm Batang
mktextfm Batang
mktextfm Batang
mktextfm Batang
mktextfm Batang/B
mktextfm Batang
mktextfm Batang/I
mktextfm Batang
mktextfm Batang/BI
mktextfm Batang
mktextfm Batang
mktextfm Batang
mktextfm Batang
mktextfm Batang
mktextfm Batang
mktextfm Batang
mktextfm Batang
mktextfm Batang
mktextfm Batang
mktextfm Batang
mktextfm Batang
mktextfm Batang
mktextfm Batang
mktextfm Batang
mktextfm Batang
mktextfm Batang
mktextfm Batang/B
mktextfm Batang
mktextfm Batang/I
mktextfm Batang
mktextfm Batang/BI
mktextfm Batang
mktextfm Batang
mktextfm Batang
mktextfm Batang
mktextfm Batang
mktextfm Batang
mktextfm Batang
mktextfm Batang
mktextfm Batang
mktextfm Batang
mktextfm Batang
mktextfm Batang
mktextfm Batang
mktextfm Batang
mktextfm Batang
mktextfm Batang
mktextfm Batang
mktextfm Batang/B
mktextfm Batang
mktextfm Batang/I
mktextfm Batang
mktextfm Batang/BI
mktextfm Batang
mktextfm Batang
mktextfm Batang
mktextfm Batang
mktextfm Batang
mktextfm Batang
mktextfm Batang
mktextfm Batang
mktextfm Batang
mktextfm Batang
mktextfm Batang
mktextfm Batang
mktextfm Batang
mktextfm Batang
mktextfm Batang
mktextfm Batang
mktextfm Batang
mktextfm Batang/B
mktextfm Batang
mktextfm Batang/I
mktextfm Batang
mktextfm Batang/BI
mktextfm Batang
mktextfm Batang
mktextfm Batang
mktextfm Batang
mktextfm Batang
mktextfm Batang
mktextfm Batang
mktextfm Batang
mktextfm Batang
mktextfm Batang
mktextfm Batang
mktextfm Batang
mktextfm Batang
mktextfm Batang
mktextfm Batang
mktextfm Batang
mktextfm Batang
mktextfm Batang/B
mktextfm Batang
mktextfm Batang/I
mktextfm Batang
mktextfm Batang/BI
mktextfm Batang
mktextfm Batang
mktextfm Batang
mktextfm Batang
mktextfm Batang
mktextfm Batang
mktextfm Batang
mktextfm Batang
mktextfm Batang
mktextfm Batang
mktextfm Batang
mktextfm Batang
mktextfm Batang
mktextfm Batang
mktextfm Batang
mktextfm Batang
mktextfm Batang
mktextfm Batang/B
mktextfm Batang
mktextfm Batang/I
mktextfm Batang
mktextfm Batang/BI
mktextfm Batang
mktextfm Batang
mktextfm Batang
mktextfm Batang
mktextfm Batang
mktextfm Batang
mktextfm Batang
mktextfm Batang
mktextfm Batang
mktextfm Batang
mktextfm Batang
mktextfm Batang
mktextfm Batang
mktextfm Batang
mktextfm Batang
mktextfm Batang
mktextfm Batang
mktextfm Batang/B
mktextfm Batang
mktextfm Batang/I
mktextfm Batang
mktextfm Batang/BI
mktextfm Batang
mktextfm Batang
mktextfm Batang
mktextfm Batang
mktextfm Batang
mktextfm Batang
mktextfm Batang
mktextfm Batang
mktextfm Batang
mktextfm Batang
mktextfm Batang
mktextfm Batang
mktextfm Batang
mktextfm Batang
mktextfm Batang
mktextfm Batang
mktextfm Batang
mktextfm Batang/B
mktextfm Batang
mktextfm Batang/I
mktextfm Batang
mktextfm Batang/BI
mktextfm Batang
mktextfm Batang
mktextfm Batang
mktextfm Batang
mktextfm Batang
mktextfm Batang
mktextfm Batang
mktextfm Batang
mktextfm Batang
mktextfm Batang
mktextfm Batang
mktextfm Batang
mktextfm Batang
mktextfm Batang
mktextfm Batang
mktextfm Batang
mktextfm Batang
mktextfm Batang/B
mktextfm Batang
mktextfm Batang/I
mktextfm Batang
mktextfm Batang/BI
mktextfm Batang
mktextfm Batang
mktextfm Batang
mktextfm Batang
mktextfm Batang
mktextfm Batang
mktextfm Batang
mktextfm Batang
mktextfm Batang
mktextfm Batang
mktextfm Batang
mktextfm Batang
mktextfm Batang
mktextfm Batang
mktextfm Batang
mktextfm Batang
mktextfm Batang
mktextfm Batang/B
mktextfm Batang
mktextfm Batang/I
mktextfm Batang
mktextfm Batang/BI
mktextfm Batang
mktextfm Batang
mktextfm Batang
mktextfm Batang
mktextfm Batang
mktextfm Batang
mktextfm Batang
mktextfm Batang
mktextfm Batang
mktextfm Batang
mktextfm Batang
mktextfm Batang
mktextfm Batang
mktextfm Batang
mktextfm NanumGothic
mktextfm NanumGothic
mktextfm NanumGothic
mktextfm NanumGothic
mktextfm NanumGothic
mktextfm NanumGothic
mktextfm NanumGothic
mktextfm NanumGothic
mktextfm NanumGothic
mktextfm NanumGothic
mktextfm NanumGothic
mktextfm NanumGothic
mktextfm NanumGothic
mktextfm NanumGothic
mktextfm NanumGothic
mktextfm NanumGothic
mktextfm NanumGothic
mktextfm NanumGothic
mktextfm NanumGothic
mktextfm NanumGothic
mktextfm NanumGothic
mktextfm Batang
mktextfm Batang
mktextfm Batang
mktextfm Batang/B
mktextfm Batang
mktextfm Batang/I
mktextfm Batang
mktextfm Batang/BI
mktextfm Batang
mktextfm Batang
mktextfm Batang
mktextfm Batang
mktextfm Batang
mktextfm Batang
mktextfm Batang
mktextfm Batang
mktextfm Batang
mktextfm Batang
mktextfm Batang
mktextfm Batang
mktextfm Batang
mktextfm Batang
mktextfm Batang
mktextfm Batang
mktextfm Batang
mktextfm Batang
mktextfm Batang
mktextfm Batang
mktextfm Batang/B
mktextfm Batang
mktextfm Batang/I
mktextfm Batang
mktextfm Batang/BI
mktextfm Batang
mktextfm Batang
mktextfm Batang
mktextfm Batang
mktextfm Batang
mktextfm Batang
mktextfm Batang
mktextfm Batang
mktextfm Batang
mktextfm Batang
mktextfm Batang
mktextfm Batang
mktextfm Batang
mktextfm Batang
mktextfm Batang
mktextfm Batang
mktextfm Batang
mktextfm Batang
mktextfm Batang
mktextfm Batang
mktextfm Batang/B
mktextfm Batang
mktextfm Batang/I
mktextfm Batang
mktextfm Batang/BI
mktextfm Batang
mktextfm Batang
mktextfm Batang
mktextfm Batang
mktextfm Batang
mktextfm Batang
mktextfm Fontin
mktextfm Fontin
mktextfm Fontin
mktextfm Fontin/BI
mktextfm Fontin
mktextfm Fontin/B
mktextfm Fontin
mktextfm Fontin/I
mktextfm Fontin
mktextfm Fontin
mktextfm Fontin
mktextfm Batang
mktextfm Fontin
mktextfm Batang
mktextfm Fontin
mktextfm Batang
mktextfm Fontin
mktextfm Batang
mktextfm Batang
mktextfm Fontin
mktextfm Fontin
mktextfm Batang
mktextfm Fontin
mktextfm Batang
mktextfm Fontin
mktextfm Fontin
mktextfm Batang
mktextfm Batang
mktextfm Fontin
mktextfm Batang
mktextfm Fontin
mktextfm Batang
mktextfm Fontin
mktextfm Fontin
mktextfm Fontin
mktextfm Fontin
mktextfm Fontin
mktextfm Fontin
mktextfm Fontin
mktextfm Fontin
mktextfm Fontin
mktextfm Fontin
mktextfm Fontin/BI
mktextfm Fontin
mktextfm Fontin/B
mktextfm Fontin
mktextfm Fontin/I
mktextfm Fontin
mktextfm Fontin
mktextfm Fontin
mktextfm Fontin
mktextfm Fontin
mktextfm Fontin
mktextfm Fontin
mktextfm Fontin
mktextfm Fontin
mktextfm Fontin
mktextfm Fontin
mktextfm Fontin
mktextfm Fontin
mktextfm Fontin
mktextfm Fontin
mktextfm Fontin
mktextfm Fontin
mktextfm Fontin
mktextfm Fontin
mktextfm Fontin
mktextfm Fontin
mktextfm Fontin
mktextfm Fontin
mktextfm Fontin
mktextfm Fontin
mktextfm Fontin/BI
mktextfm Fontin
mktextfm Fontin/B
mktextfm Fontin
mktextfm Fontin/I
mktextfm Fontin
mktextfm Fontin
mktextfm Fontin
mktextfm Fontin
mktextfm Fontin
mktextfm Fontin
mktextfm Fontin
mktextfm Fontin
mktextfm Fontin
mktextfm Fontin
mktextfm Fontin
mktextfm Fontin
mktextfm Fontin
mktextfm Fontin
mktextfm Fontin
mktextfm Fontin
mktextfm Fontin
mktextfm Fontin
mktextfm Fontin
mktextfm Fontin
mktextfm Fontin
mktextfm Fontin
mktextfm Batang
mktextfm Batang
mktextfm Batang
mktextfm Batang/B
mktextfm Batang
mktextfm Batang/I
mktextfm Batang
mktextfm Batang/BI
mktextfm Batang
mktextfm Batang
mktextfm Batang
mktextfm Batang
mktextfm Batang
mktextfm Batang
mktextfm Batang
mktextfm Batang
mktextfm Batang
mktextfm Batang
mktextfm Batang
mktextfm Batang
mktextfm Batang
mktextfm Batang
mktextfm Batang
mktextfm Batang
mktextfm Batang
mktextfm Batang
mktextfm Batang/B
mktextfm Batang
mktextfm Batang/I
mktextfm Batang
mktextfm Batang/BI
mktextfm Batang
mktextfm Batang
mktextfm Batang
mktextfm Batang
mktextfm Batang
mktextfm Batang
mktextfm Batang
mktextfm Batang
mktextfm Batang
mktextfm Batang
mktextfm Batang
mktextfm Batang
mktextfm Batang
mktextfm Batang
mktextfm Batang
mktextfm Batang
mktextfm Batang
mktextfm Batang
mktextfm Batang/B
mktextfm Batang
mktextfm Batang/I
mktextfm Batang
mktextfm Batang/BI
mktextfm Batang
mktextfm Batang
mktextfm Batang
mktextfm Batang
mktextfm Batang
mktextfm Batang
mktextfm Batang
mktextfm Batang
mktextfm Batang
mktextfm Batang
mktextfm Batang
mktextfm Batang
mktextfm Batang
mktextfm Batang
mktextfm Batang
mktextfm Batang
mktextfm Batang
mktextfm Batang
mktextfm Batang/B
mktextfm Batang
mktextfm Batang/I
mktextfm Batang
mktextfm Batang/BI
mktextfm Batang
mktextfm Batang
mktextfm Batang
mktextfm Batang
mktextfm Batang
mktextfm Batang
mktextfm Batang
mktextfm Batang
mktextfm Batang
mktextfm Batang
mktextfm Batang
mktextfm Batang
mktextfm Batang
mktextfm Batang
mktextfm Batang
mktextfm Batang
mktextfm Batang
mktextfm Batang
mktextfm Batang
mktextfm Batang
mktextfm Batang
mktextfm Batang/B
mktextfm Batang
mktextfm Batang/I
mktextfm Batang
mktextfm Batang/BI
mktextfm Batang
mktextfm Batang
mktextfm Batang
mktextfm Batang
mktextfm Batang
mktextfm Batang
mktextfm Batang
mktextfm Batang
mktextfm Batang
mktextfm Batang
mktextfm Batang
mktextfm Batang
mktextfm Batang
mktextfm Batang
mktextfm Batang
mktextfm Batang
mktextfm Batang
mktextfm Batang
mktextfm Batang
mktextfm Batang
mktextfm Batang
mktextfm Batang/B
mktextfm Batang
mktextfm Batang/I
mktextfm Batang
mktextfm Batang/BI
mktextfm Batang
mktextfm Batang
mktextfm Batang
mktextfm Batang
mktextfm Batang
mktextfm Batang
mktextfm Batang
mktextfm Batang
mktextfm Batang
mktextfm Batang
mktextfm Batang
mktextfm Batang
mktextfm Batang
mktextfm Batang
mktextfm Batang
mktextfm Batang
mktextfm Batang
mktextfm Batang
mktextfm Batang
mktextfm Batang
mktextfm Batang
mktextfm Batang/B
mktextfm Batang
mktextfm Batang/I
mktextfm Batang
mktextfm Batang/BI
mktextfm Batang
mktextfm Batang
mktextfm Batang
mktextfm Batang
mktextfm Batang
mktextfm Batang
mktextfm Batang
mktextfm Batang
mktextfm Batang
mktextfm Batang
mktextfm Batang
mktextfm Batang
mktextfm Batang
mktextfm Batang
mktextfm Batang
mktextfm Batang
mktextfm Batang
mktextfm Batang
mktextfm times
mktextfm times
mktextfm times
mktextfm times/BI
mktextfm times
mktextfm times/B
mktextfm times
mktextfm times/I
mktextfm times
mktextfm times
mktextfm times
mktextfm batang
mktextfm batang
mktextfm batang
mktextfm batang/B
mktextfm batang
mktextfm batang/I
mktextfm batang
mktextfm batang/BI
mktextfm batang
mktextfm batang
mktextfm batang
mktextfm batang
mktextfm batang
mktextfm batang
mktextfm batang
mktextfm times
mktextfm batang
mktextfm times
mktextfm batang
mktextfm times
mktextfm batang
mktextfm batang
mktextfm times
mktextfm times
mktextfm batang
mktextfm times
mktextfm batang
mktextfm times
mktextfm times
mktextfm batang
mktextfm batang
mktextfm times
mktextfm batang
mktextfm times
mktextfm batang
mktextfm times
mktextfm times
mktextfm times
mktextfm times
mktextfm times
mktextfm batang
mktextfm times
mktextfm times
mktextfm Batang
mktextfm Batang
mktextfm Batang
mktextfm Batang/B
mktextfm Batang
mktextfm Batang/I
mktextfm Batang
mktextfm Batang/BI
mktextfm Batang
mktextfm Batang
mktextfm Batang
mktextfm Batang
mktextfm Batang
mktextfm Batang
mktextfm Batang
mktextfm Batang
mktextfm Batang
mktextfm Batang
mktextfm Batang
mktextfm Batang
mktextfm Batang
mktextfm Batang
mktextfm Batang
mktextfm Batang
mktextfm Batang
mktextfm Batang
mktextfm NanumMyeongjo
mktextfm NanumMyeongjo
mktextfm NanumMyeongjo
mktextfm NanumMyeongjo/B
mktextfm NanumMyeongjo
mktextfm NanumMyeongjo/I
mktextfm NanumMyeongjo
mktextfm NanumMyeongjo/BI
mktextfm NanumMyeongjo
mktextfm NanumMyeongjo
mktextfm NanumMyeongjo
mktextfm NanumMyeongjo
mktextfm NanumMyeongjo
mktextfm NanumMyeongjo
mktextfm NanumMyeongjo
mktextfm NanumGothic
mktextfm NanumGothic
mktextfm NanumMyeongjo
mktextfm NanumMyeongjo
mktextfm NanumMyeongjo
mktextfm NanumMyeongjo
mktextfm NanumMyeongjo
mktextfm NanumMyeongjo
mktextfm NanumMyeongjo
mktextfm NanumMyeongjo
mktextfm NanumMyeongjo
mktextfm NanumMyeongjo
mktextfm NanumMyeongjo
mktextfm NanumMyeongjo/B
mktextfm NanumMyeongjo
mktextfm NanumMyeongjo/I
mktextfm NanumMyeongjo
mktextfm NanumMyeongjo/BI
mktextfm NanumMyeongjo
mktextfm NanumMyeongjo
mktextfm NanumMyeongjo
mktextfm NanumMyeongjo
mktextfm NanumMyeongjo
mktextfm NanumMyeongjo
mktextfm NanumMyeongjo
mktextfm NanumGothic
mktextfm NanumGothic
mktextfm NanumMyeongjo
mktextfm NanumMyeongjo
mktextfm NanumMyeongjo
mktextfm NanumMyeongjo
mktextfm NanumMyeongjo
mktextfm NanumMyeongjo
mktextfm NanumMyeongjo
mktextfm NanumMyeongjo
